-------------------------------------------------------------------------------
Test set: com.spk.saw.SawApplicationTests
-------------------------------------------------------------------------------
Tests run: 1, Failures: 0, Errors: 1, Skipped: 0, Time elapsed: 0.316 s <<< FAILURE! - in com.spk.saw.SawApplicationTests
initializationError(com.spk.saw.SawApplicationTests)  Time elapsed: 0 s  <<< ERROR!
org.springframework.beans.BeanInstantiationException: Failed to instantiate [org.springframework.boot.test.context.SpringBootContextLoader]: Unresolvable class definition; nested exception is java.lang.NoClassDefFoundError: org/springframework/boot/context/properties/source/ConfigurationPropertySource
Caused by: java.lang.NoClassDefFoundError: org/springframework/boot/context/properties/source/ConfigurationPropertySource
Caused by: java.lang.ClassNotFoundException: org.springframework.boot.context.properties.source.ConfigurationPropertySource

